<?xml version="1.0" encoding="UTF-8"?>
<!-- Generated by org.testng.reporters.JUnitXMLReporter -->
<testsuite hostname="VMEXTPRS17348" name="Test" tests="1" failures="0" timestamp="29 May 2019 06:28:24 GMT" time="78.626" errors="0">
  <testcase name="@BeforeMethod Perform_common_task" time="0.0" classname="com.snow.testcases.TC01_Permissionmodel_SaveRestInXML">
    <failure type="java.lang.NullPointerException">
      <![CDATA[java.lang.NullPointerException
	at org.openqa.selenium.support.pagefactory.internal.LocatingElementHandler.invoke(LocatingElementHandler.java:52)
	at com.sun.proxy.$Proxy8.click(Unknown Source)
	at com.snow.pages.RPSSDTechnicalSupportModeObj.ClickOn_AddToCartButton(RPSSDTechnicalSupportModeObj.java:266)
	at com.snow.testcases.TC01_Permissionmodel_SaveRestInXML.Perform_common_task(TC01_Permissionmodel_SaveRestInXML.java:158)
... Removed 29 stack frames]]>
    </failure>
  </testcase> <!-- @BeforeMethod Perform_common_task -->
  <testcase name="@AfterMethod close_the_browser" time="0.0" classname="com.snow.testcases.TC01_Permissionmodel_SaveRestInXML">
    <skipped/>
  </testcase> <!-- @AfterMethod close_the_browser -->
  <testcase name="Perfor_All_Steps_Of_TestCase" time="0.002" classname="com.snow.testcases.TC01_Permissionmodel_SaveRestInXML">
    <skipped/>
  </testcase> <!-- Perfor_All_Steps_Of_TestCase -->
</testsuite> <!-- Test -->
