<?xml version="1.0" encoding="UTF-8" standalone="no"?>
<testsuite failures="0" name="cucumber.runtime.formatter.JUnitFormatter" skipped="0" tests="2" time="453.343187">
<testcase classname="RITM02279450 - Add Caused by Change, Unauthorized" name="Verify whether field &quot;Caused by Change&quot; in the &quot;Related Records&quot; tab underneath &quot;Change Request&quot; on SIR form" time="330.294129">
<system-out><![CDATA[Given user launch the ITIL view.............................................passed
And Take Screenshot "STRY0021103_TC01_AC" from first driver.................passed
And type "Security Incident" in filter navigator............................passed
And Cliks on the "Visible to Me" option.....................................passed
And Clicks on the New button................................................passed
And Take Screenshot "STRY0021103_TC01_AC" from first driver.................passed
And Fill the requested by as "Manish Chaurasia".............................passed
And Take Screenshot "STRY0021103_TC01_AC" from first driver.................passed
And Fille the short description as "SC".....................................passed
And Scroll to the submit button.............................................passed
And Take Screenshot "STRY0021103_TC01_AC" from first driver.................passed
When clicks on the submit button............................................passed
And Store SIR number in sheet in row "1"....................................passed
Then SIR should be submitted sucessfully....................................passed
And Take Screenshot "STRY0021103_TC01_AC" from first driver.................passed
And search created SIR......................................................passed
When scroll to the update button............................................passed
Then Verify whether field "Caused by Change" in the "Related Records" tab underneath "Change Request".passed
And Take Screenshot "STRY0021103_TC01_AC" from first driver.................passed
Then close the browser......................................................passed
]]></system-out>
</testcase>
<testcase classname="RITM02279450 - Add Caused by Change, Unauthorized" name="Verify whether Checkbox, &quot;Unauthorized&quot; in the &quot;Related Records&quot; tab underneath &quot;Caused by Change&quot; on the SIR form" time="123.049058">
<system-out><![CDATA[Given user launch the ITIL view.............................................passed
And type "Security Incident" in filter navigator............................passed
And Cliks on the "Visible to Me" option.....................................passed
And Clicks on the New button................................................passed
And Take Screenshot "STRY0021103_TC04_AC" from first driver.................passed
And Fill the requested by as "Manish Chaurasia".............................passed
And Take Screenshot "STRY0021103_TC04_AC" from first driver.................passed
And Fille the short description as "SC".....................................passed
And Scroll to the submit button.............................................passed
And Take Screenshot "STRY0021103_TC04_AC" from first driver.................passed
When clicks on the submit button............................................passed
And Store SIR number in sheet in row "2"....................................passed
Then SIR should be submitted sucessfully....................................passed
And Take Screenshot "STRY0021103_TC04_AC" from first driver.................passed
And search created SIR......................................................passed
When scroll to the update button............................................passed
Then Verify field  Checkbox, "Unauthorized" in the "Related Records" tab underneath "Caused by Change".passed
And Take Screenshot "STRY0021103_TC04_AC" from first driver.................passed
Then close the browser......................................................passed
]]></system-out>
</testcase>
</testsuite>
to the update button............................................passed
Then Verify field  Checkbox, "Unauthorized" in the "Related Records" tab underneath "Caused by Change".passed
And Take Screenshot "STRY0021103_TC08_AC" from first driver.................passed
Then close the browser......................................................passed
]]></system-out>
</testcase>
</testsuite>
 submit button............................................skipped
And Store SIR number in sheet in row "7"....................................skipped
Then SIR should be submitted sucessfully....................................skipped
And Take Screenshot "STRY0021103_TC03_AC" from first driver.................skipped
And search created SIR......................................................skipped
When scroll to the update button............................................skipped
Then Verify field  Checkbox, "Unauthorized" in the "Related Records" tab underneath "Caused by Change".skipped
And Take Screenshot "STRY0021103_TC03_AC" from first driver.................skipped
Then close the browser......................................................skipped

StackTrace:
org.openqa.selenium.TimeoutException: timeout
  (Session info: chrome=77.0.3865.120)
  (Driver info: chromedriver=2.39.562718 (9a2698cba08cf5a471a29d30c8b3e12becabb0e9),platform=Windows NT 10.0.17763 x86_64) (WARNING: The server did not provide any stacktrace information)
Command duration or timeout: 0 milliseconds
Build info: version: '3.141.59', revision: 'e82be7d358', time: '2018-11-14T08:17:03'
System info: host: 'VBX00245', ip: '10.232.175.150', os.name: 'Windows 10', os.arch: 'amd64', os.version: '10.0', java.version: '1.8.0_221'
Driver info: org.openqa.selenium.chrome.ChromeDriver
Capabilities {acceptInsecureCerts: false, acceptSslCerts: false, applicationCacheEnabled: false, browserConnectionEnabled: false, browserName: chrome, chrome: {chromedriverVersion: 2.39.562718 (9a2698cba08cf5..., userDataDir: C:\Users\chaurma\AppData\Lo...}, cssSelectorsEnabled: true, databaseEnabled: false, handlesAlerts: true, hasTouchScreen: false, javascriptEnabled: true, locationContextEnabled: true, mobileEmulationEnabled: false, nativeEvents: true, networkConnectionEnabled: false, pageLoadStrategy: normal, platform: XP, platformName: XP, rotatable: false, setWindowRect: true, takesHeapSnapshot: true, takesScreenshot: true, unexpectedAlertBehaviour: , unhandledPromptBehavior: , version: 77.0.3865.120, webStorageEnabled: true}
Session ID: 455133a369d2342fec0d6d8000eaafd1
	at sun.reflect.NativeConstructorAccessorImpl.newInstance0(Native Method)
	at sun.reflect.NativeConstructorAccessorImpl.newInstance(NativeConstructorAccessorImpl.java:62)
	at sun.reflect.DelegatingConstructorAccessorImpl.newInstance(DelegatingConstructorAccessorImpl.java:45)
	at java.lang.reflect.Constructor.newInstance(Constructor.java:423)
	at org.openqa.selenium.remote.ErrorHandler.createThrowable(ErrorHandler.java:214)
	at org.openqa.selenium.remote.ErrorHandler.throwIfResponseFailed(ErrorHandler.java:166)
	at org.openqa.selenium.remote.http.JsonHttpResponseCodec.reconstructValue(JsonHttpResponseCodec.java:40)
	at org.openqa.selenium.remote.http.AbstractHttpResponseCodec.decode(AbstractHttpResponseCodec.java:80)
	at org.openqa.selenium.remote.http.AbstractHttpResponseCodec.decode(AbstractHttpResponseCodec.java:44)
	at org.openqa.selenium.remote.HttpCommandExecutor.execute(HttpCommandExecutor.java:158)
	at org.openqa.selenium.remote.service.DriverCommandExecutor.execute(DriverCommandExecutor.java:83)
	at org.openqa.selenium.remote.RemoteWebDriver.execute(RemoteWebDriver.java:552)
	at org.openqa.selenium.remote.RemoteWebDriver.get(RemoteWebDriver.java:277)
	at com.snow.base.TestBase.initialization(TestBase.java:76)
	at ReusableStepDefinitionFile.ReusableMLFIncBrigdeWithEX.user_launch_the_ITIL_view(ReusableMLFIncBrigdeWithEX.java:73)
	at ✽.Given user launch the ITIL view(src/main/java/com/snow/feature/STR0021103_test2.feature:11)
]]></failure>
</testcase>
<testcase classname="RITM02279450 - Add Caused by Change, Unauthorized" name="Verify whether Checkbox, &quot;Unauthorized&quot; in the &quot;Related Records&quot; tab underneath &quot;Caused by Change&quot; on the SIR form" time="37.182827">
<failure message="org.openqa.selenium.TimeoutException: timeout&#10;  (Session info: chrome=77.0.3865.120)&#10;  (Driver info: chromedriver=2.39.562718 (9a2698cba08cf5a471a29d30c8b3e12becabb0e9),platform=Windows NT 10.0.17763 x86_64) (WARNING: The server did not provide any stacktrace information)&#10;Command duration or timeout: 0 milliseconds&#10;Build info: version: '3.141.59', revision: 'e82be7d358', time: '2018-11-14T08:17:03'&#10;System info: host: 'VBX00245', ip: '10.232.175.150', os.name: 'Windows 10', os.arch: 'amd64', os.version: '10.0', java.version: '1.8.0_221'&#10;Driver info: org.openqa.selenium.chrome.ChromeDriver&#10;Capabilities {acceptInsecureCerts: false, acceptSslCerts: false, applicationCacheEnabled: false, browserConnectionEnabled: false, browserName: chrome, chrome: {chromedriverVersion: 2.39.562718 (9a2698cba08cf5..., userDataDir: C:\Users\chaurma\AppData\Lo...}, cssSelectorsEnabled: true, databaseEnabled: false, handlesAlerts: true, hasTouchScreen: false, javascriptEnabled: true, locationContextEnabled: true, mobileEmulationEnabled: false, nativeEvents: true, networkConnectionEnabled: false, pageLoadStrategy: normal, platform: XP, platformName: XP, rotatable: false, setWindowRect: true, takesHeapSnapshot: true, takesScreenshot: true, unexpectedAlertBehaviour: , unhandledPromptBehavior: , version: 77.0.3865.120, webStorageEnabled: true}&#10;Session ID: 38714f6bdf965eee7dbe82937c874994&#13;&#10;&#9;at sun.reflect.NativeConstructorAccessorImpl.newInstance0(Native Method)&#13;&#10;&#9;at sun.reflect.NativeConstructorAccessorImpl.newInstance(NativeConstructorAccessorImpl.java:62)&#13;&#10;&#9;at sun.reflect.DelegatingConstructorAccessorImpl.newInstance(DelegatingConstructorAccessorImpl.java:45)&#13;&#10;&#9;at java.lang.reflect.Constructor.newInstance(Constructor.java:423)&#13;&#10;&#9;at org.openqa.selenium.remote.ErrorHandler.createThrowable(ErrorHandler.java:214)&#13;&#10;&#9;at org.openqa.selenium.remote.ErrorHandler.throwIfResponseFailed(ErrorHandler.java:166)&#13;&#10;&#9;at org.openqa.selenium.remote.http.JsonHttpResponseCodec.reconstructValue(JsonHttpResponseCodec.java:40)&#13;&#10;&#9;at org.openqa.selenium.remote.http.AbstractHttpResponseCodec.decode(AbstractHttpResponseCodec.java:80)&#13;&#10;&#9;at org.openqa.selenium.remote.http.AbstractHttpResponseCodec.decode(AbstractHttpResponseCodec.java:44)&#13;&#10;&#9;at org.openqa.selenium.remote.HttpCommandExecutor.execute(HttpCommandExecutor.java:158)&#13;&#10;&#9;at org.openqa.selenium.remote.service.DriverCommandExecutor.execute(DriverCommandExecutor.java:83)&#13;&#10;&#9;at org.openqa.selenium.remote.RemoteWebDriver.execute(RemoteWebDriver.java:552)&#13;&#10;&#9;at org.openqa.selenium.remote.RemoteWebDriver.get(RemoteWebDriver.java:277)&#13;&#10;&#9;at com.snow.base.TestBase.initialization(TestBase.java:76)&#13;&#10;&#9;at ReusableStepDefinitionFile.ReusableMLFIncBrigdeWithEX.user_launch_the_ITIL_view(ReusableMLFIncBrigdeWithEX.java:73)&#13;&#10;&#9;at ✽.Given user launch the ITIL view(src/main/java/com/snow/feature/STR0021103_test2.feature:41)&#13;&#10;"><![CDATA[Given user launch the ITIL view.............................................failed
And type "Security Incident" in filter navigator............................skipped
And Cliks on the "Visible to Me" option.....................................skipped
And Clicks on the New button................................................skipped
And Take Screenshot "STRY0021103_TC05_AC" from first driver.................skipped
And Fill the requested by as "Manish Chaurasia".............................skipped
And Take Screenshot "STRY0021103_TC05_AC" from first driver.................skipped
And Fille the short description as "SC".....................................skipped
And Scroll to the submit button.............................................skipped
And Take Screenshot "STRY0021103_TC05_AC" from first driver.................skipped
When clicks on the submit button............................................skipped
And Store SIR number in sheet in row "8"....................................skipped
Then SIR should be submitted sucessfully....................................skipped
And Take Screenshot "STRY0021103_TC05_AC" from first driver.................skipped
And search created SIR......................................................skipped
When scroll to the update button............................................skipped
Then Verify field  Checkbox, "Unauthorized" in the "Related Records" tab underneath "Caused by Change".skipped
And Take Screenshot "STRY0021103_TC05_AC" from first driver.................skipped
Then close the browser......................................................skipped

StackTrace:
org.openqa.selenium.TimeoutException: timeout
  (Session info: chrome=77.0.3865.120)
  (Driver info: chromedriver=2.39.562718 (9a2698cba08cf5a471a29d30c8b3e12becabb0e9),platform=Windows NT 10.0.17763 x86_64) (WARNING: The server did not provide any stacktrace information)
Command duration or timeout: 0 milliseconds
Build info: version: '3.141.59', revision: 'e82be7d358', time: '2018-11-14T08:17:03'
System info: host: 'VBX00245', ip: '10.232.175.150', os.name: 'Windows 10', os.arch: 'amd64', os.version: '10.0', java.version: '1.8.0_221'
Driver info: org.openqa.selenium.chrome.ChromeDriver
Capabilities {acceptInsecureCerts: false, acceptSslCerts: false, applicationCacheEnabled: false, browserConnectionEnabled: false, browserName: chrome, chrome: {chromedriverVersion: 2.39.562718 (9a2698cba08cf5..., userDataDir: C:\Users\chaurma\AppData\Lo...}, cssSelectorsEnabled: true, databaseEnabled: false, handlesAlerts: true, hasTouchScreen: false, javascriptEnabled: true, locationContextEnabled: true, mobileEmulationEnabled: false, nativeEvents: true, networkConnectionEnabled: false, pageLoadStrategy: normal, platform: XP, platformName: XP, rotatable: false, setWindowRect: true, takesHeapSnapshot: true, takesScreenshot: true, unexpectedAlertBehaviour: , unhandledPromptBehavior: , version: 77.0.3865.120, webStorageEnabled: true}
Session ID: 38714f6bdf965eee7dbe82937c874994
	at sun.reflect.NativeConstructorAccessorImpl.newInstance0(Native Method)
	at sun.reflect.NativeConstructorAccessorImpl.newInstance(NativeConstructorAccessorImpl.java:62)
	at sun.reflect.DelegatingConstructorAccessorImpl.newInstance(DelegatingConstructorAccessorImpl.java:45)
	at java.lang.reflect.Constructor.newInstance(Constructor.java:423)
	at org.openqa.selenium.remote.ErrorHandler.createThrowable(ErrorHandler.java:214)
	at org.openqa.selenium.remote.ErrorHandler.throwIfResponseFailed(ErrorHandler.java:166)
	at org.openqa.selenium.remote.http.JsonHttpResponseCodec.reconstructValue(JsonHttpResponseCodec.java:40)
	at org.openqa.selenium.remote.http.AbstractHttpResponseCodec.decode(AbstractHttpResponseCodec.java:80)
	at org.openqa.selenium.remote.http.AbstractHttpResponseCodec.decode(AbstractHttpResponseCodec.java:44)
	at org.openqa.selenium.remote.HttpCommandExecutor.execute(HttpCommandExecutor.java:158)
	at org.openqa.selenium.remote.service.DriverCommandExecutor.execute(DriverCommandExecutor.java:83)
	at org.openqa.selenium.remote.RemoteWebDriver.execute(RemoteWebDriver.java:552)
	at org.openqa.selenium.remote.RemoteWebDriver.get(RemoteWebDriver.java:277)
	at com.snow.base.TestBase.initialization(TestBase.java:76)
	at ReusableStepDefinitionFile.ReusableMLFIncBrigdeWithEX.user_launch_the_ITIL_view(ReusableMLFIncBrigdeWithEX.java:73)
	at ✽.Given user launch the ITIL view(src/main/java/com/snow/feature/STR0021103_test2.feature:41)
]]></failure>
</testcase>
<testcase classname="RITM02279450 - Add Caused by Change, Unauthorized" name="Verify whether Checkbox, &quot;Unauthorized&quot; in the &quot;Related Records&quot; tab underneath &quot;Caused by Change&quot; on the SIR form 2" time="34.050146">
<failure message="org.openqa.selenium.TimeoutException: timeout&#10;  (Session info: chrome=77.0.3865.120)&#10;  (Driver info: chromedriver=2.39.562718 (9a2698cba08cf5a471a29d30c8b3e12becabb0e9),platform=Windows NT 10.0.17763 x86_64) (WARNING: The server did not provide any stacktrace information)&#10;Command duration or timeout: 0 milliseconds&#10;Build info: version: '3.141.59', revision: 'e82be7d358', time: '2018-11-14T08:17:03'&#10;System info: host: 'VBX00245', ip: '10.232.175.150', os.name: 'Windows 10', os.arch: 'amd64', os.version: '10.0', java.version: '1.8.0_221'&#10;Driver info: org.openqa.selenium.chrome.ChromeDriver&#10;Capabilities {acceptInsecureCerts: false, acceptSslCerts: false, applicationCacheEnabled: false, browserConnectionEnabled: false, browserName: chrome, chrome: {chromedriverVersion: 2.39.562718 (9a2698cba08cf5..., userDataDir: C:\Users\chaurma\AppData\Lo...}, cssSelectorsEnabled: true, databaseEnabled: false, handlesAlerts: true, hasTouchScreen: false, javascriptEnabled: true, locationContextEnabled: true, mobileEmulationEnabled: false, nativeEvents: true, networkConnectionEnabled: false, pageLoadStrategy: normal, platform: XP, platformName: XP, rotatable: false, setWindowRect: true, takesHeapSnapshot: true, takesScreenshot: true, unexpectedAlertBehaviour: , unhandledPromptBehavior: , version: 77.0.3865.120, webStorageEnabled: true}&#10;Session ID: 69c0424f0abc5af478bd31446e64f178&#13;&#10;&#9;at sun.reflect.NativeConstructorAccessorImpl.newInstance0(Native Method)&#13;&#10;&#9;at sun.reflect.NativeConstructorAccessorImpl.newInstance(NativeConstructorAccessorImpl.java:62)&#13;&#10;&#9;at sun.reflect.DelegatingConstructorAccessorImpl.newInstance(DelegatingConstructorAccessorImpl.java:45)&#13;&#10;&#9;at java.lang.reflect.Constructor.newInstance(Constructor.java:423)&#13;&#10;&#9;at org.openqa.selenium.remote.ErrorHandler.createThrowable(ErrorHandler.java:214)&#13;&#10;&#9;at org.openqa.selenium.remote.ErrorHandler.throwIfResponseFailed(ErrorHandler.java:166)&#13;&#10;&#9;at org.openqa.selenium.remote.http.JsonHttpResponseCodec.reconstructValue(JsonHttpResponseCodec.java:40)&#13;&#10;&#9;at org.openqa.selenium.remote.http.AbstractHttpResponseCodec.decode(AbstractHttpResponseCodec.java:80)&#13;&#10;&#9;at org.openqa.selenium.remote.http.AbstractHttpResponseCodec.decode(AbstractHttpResponseCodec.java:44)&#13;&#10;&#9;at org.openqa.selenium.remote.HttpCommandExecutor.execute(HttpCommandExecutor.java:158)&#13;&#10;&#9;at org.openqa.selenium.remote.service.DriverCommandExecutor.execute(DriverCommandExecutor.java:83)&#13;&#10;&#9;at org.openqa.selenium.remote.RemoteWebDriver.execute(RemoteWebDriver.java:552)&#13;&#10;&#9;at org.openqa.selenium.remote.RemoteWebDriver.get(RemoteWebDriver.java:277)&#13;&#10;&#9;at com.snow.base.TestBase.initialization(TestBase.java:76)&#13;&#10;&#9;at ReusableStepDefinitionFile.ReusableMLFIncBrigdeWithEX.user_launch_the_ITIL_view(ReusableMLFIncBrigdeWithEX.java:73)&#13;&#10;&#9;at ✽.Given user launch the ITIL view(src/main/java/com/snow/feature/STR0021103_test2.feature:69)&#13;&#10;"><![CDATA[Given user launch the ITIL view.............................................failed
And type "Security Incident" in filter navigator............................skipped
And Cliks on the "Visible to Me" option.....................................skipped
And Clicks on the New button................................................skipped
And Take Screenshot "STRY0021103_TC06_AC" from first driver.................skipped
And Fill the requested by as "Manish Chaurasia".............................skipped
And Take Screenshot "STRY0021103_TC06_AC" from first driver.................skipped
And Fille the short description as "SC".....................................skipped
And Scroll to the submit button.............................................skipped
And Take Screenshot "STRY0021103_TC06_AC" from first driver.................skipped
When clicks on the submit button............................................skipped
And Store SIR number in sheet in row "9"....................................skipped
Then SIR should be submitted sucessfully....................................skipped
And Take Screenshot "STRY0021103_TC06_AC" from first driver.................skipped
And search created SIR......................................................skipped
When scroll to the update button............................................skipped
Then Verify field  Checkbox, "Unauthorized" in the "Related Records" tab underneath "Caused by Change".skipped
And Take Screenshot "STRY0021103_TC06_AC" from first driver.................skipped
Then close the browser......................................................skipped

StackTrace:
org.openqa.selenium.TimeoutException: timeout
  (Session info: chrome=77.0.3865.120)
  (Driver info: chromedriver=2.39.562718 (9a2698cba08cf5a471a29d30c8b3e12becabb0e9),platform=Windows NT 10.0.17763 x86_64) (WARNING: The server did not provide any stacktrace information)
Command duration or timeout: 0 milliseconds
Build info: version: '3.141.59', revision: 'e82be7d358', time: '2018-11-14T08:17:03'
System info: host: 'VBX00245', ip: '10.232.175.150', os.name: 'Windows 10', os.arch: 'amd64', os.version: '10.0', java.version: '1.8.0_221'
Driver info: org.openqa.selenium.chrome.ChromeDriver
Capabilities {acceptInsecureCerts: false, acceptSslCerts: false, applicationCacheEnabled: false, browserConnectionEnabled: false, browserName: chrome, chrome: {chromedriverVersion: 2.39.562718 (9a2698cba08cf5..., userDataDir: C:\Users\chaurma\AppData\Lo...}, cssSelectorsEnabled: true, databaseEnabled: false, handlesAlerts: true, hasTouchScreen: false, javascriptEnabled: true, locationContextEnabled: true, mobileEmulationEnabled: false, nativeEvents: true, networkConnectionEnabled: false, pageLoadStrategy: normal, platform: XP, platformName: XP, rotatable: false, setWindowRect: true, takesHeapSnapshot: true, takesScreenshot: true, unexpectedAlertBehaviour: , unhandledPromptBehavior: , version: 77.0.3865.120, webStorageEnabled: true}
Session ID: 69c0424f0abc5af478bd31446e64f178
	at sun.reflect.NativeConstructorAccessorImpl.newInstance0(Native Method)
	at sun.reflect.NativeConstructorAccessorImpl.newInstance(NativeConstructorAccessorImpl.java:62)
	at sun.reflect.DelegatingConstructorAccessorImpl.newInstance(DelegatingConstructorAccessorImpl.java:45)
	at java.lang.reflect.Constructor.newInstance(Constructor.java:423)
	at org.openqa.selenium.remote.ErrorHandler.createThrowable(ErrorHandler.java:214)
	at org.openqa.selenium.remote.ErrorHandler.throwIfResponseFailed(ErrorHandler.java:166)
	at org.openqa.selenium.remote.http.JsonHttpResponseCodec.reconstructValue(JsonHttpResponseCodec.java:40)
	at org.openqa.selenium.remote.http.AbstractHttpResponseCodec.decode(AbstractHttpResponseCodec.java:80)
	at org.openqa.selenium.remote.http.AbstractHttpResponseCodec.decode(AbstractHttpResponseCodec.java:44)
	at org.openqa.selenium.remote.HttpCommandExecutor.execute(HttpCommandExecutor.java:158)
	at org.openqa.selenium.remote.service.DriverCommandExecutor.execute(DriverCommandExecutor.java:83)
	at org.openqa.selenium.remote.RemoteWebDriver.execute(RemoteWebDriver.java:552)
	at org.openqa.selenium.remote.RemoteWebDriver.get(RemoteWebDriver.java:277)
	at com.snow.base.TestBase.initialization(TestBase.java:76)
	at ReusableStepDefinitionFile.ReusableMLFIncBrigdeWithEX.user_launch_the_ITIL_view(ReusableMLFIncBrigdeWithEX.java:73)
	at ✽.Given user launch the ITIL view(src/main/java/com/snow/feature/STR0021103_test2.feature:69)
]]></failure>
</testcase>
<testcase classname="RITM02279450 - Add Caused by Change, Unauthorized" name="Verify whether Checkbox, &quot;Unauthorized&quot; in the &quot;Related Records&quot; tab underneath &quot;Caused by Change&quot; on the SIR form 3" time="265.888331">
<system-out><![CDATA[Given user launch the ITIL view.............................................passed
And type "Security Incident" in filter navigator............................passed
And Cliks on the "Visible to Me" option.....................................passed
And Clicks on the New button................................................passed
And Take Screenshot "STRY0021103_TC07_AC" from first driver.................passed
And Fill the requested by as "Manish Chaurasia".............................passed
And Take Screenshot "STRY0021103_TC07_AC" from first driver.................passed
And Fille the short description as "SC".....................................passed
And Scroll to the submit button.............................................passed
And Take Screenshot "STRY0021103_TC07_AC" from first driver.................passed
When clicks on the submit button............................................passed
And Store SIR number in sheet in row "10"...................................passed
Then SIR should be submitted sucessfully....................................passed
And Take Screenshot "STRY0021103_TC07_AC" from first driver.................passed
And search created SIR......................................................passed
When scroll to the update button............................................passed
Then Verify field  Checkbox, "Unauthorized" in the "Related Records" tab underneath "Caused by Change".passed
And Take Screenshot "STRY0021103_TC07_AC" from first driver.................passed
Then close the browser......................................................passed
]]></system-out>
</testcase>
</testsuite>
