<?xml version="1.0" encoding="UTF-8"?>
<testng-results skipped="0" failed="0" ignored="0" total="0" passed="0">
  <reporter-output>
  </reporter-output>
  <suite name="Surefire suite" duration-ms="461209" started-at="2019-10-18T14:02:08Z" finished-at="2019-10-18T14:09:49Z">
    <groups>
    </groups>
    <test name="Surefire test" duration-ms="461209" started-at="2019-10-18T14:02:08Z" finished-at="2019-10-18T14:09:49Z">
    </test> <!-- Surefire test -->
  </suite> <!-- Surefire suite -->
</testng-results>
