<?xml version="1.0" encoding="UTF-8"?>
<testng-results skipped="1" failed="0" total="1" passed="0">
  <reporter-output>
    <line>
      <![CDATA[User logged into Service Now Portal ]]>
    </line>
    <line>
      <![CDATA[Clicks on Request service link on the home page]]>
    </line>
    <line>
      <![CDATA[User logged into Service Now Portal 
]]>
    </line>
    <line>
      <![CDATA[Clicks on Request service link on the home page
]]>
    </line>
    <line>
      <![CDATA[User logged into Service Now Portal ]]>
    </line>
    <line>
      <![CDATA[Clicks on Request service link on the home page]]>
    </line>
    <line>
      <![CDATA[User serach the item : RPS SD Technical Support Model (US)]]>
    </line>
    <line>
      <![CDATA[User click on the item link]]>
    </line>
    <line>
      <![CDATA[
User fill the form details link]]>
    </line>
  </reporter-output>
  <suite name="Suite" duration-ms="78626" started-at="2019-05-29T06:27:05Z" finished-at="2019-05-29T06:28:24Z">
    <groups>
    </groups>
    <test name="Test" duration-ms="78626" started-at="2019-05-29T06:27:05Z" finished-at="2019-05-29T06:28:24Z">
      <class name="com.snow.testcases.TC01_Permissionmodel_SaveRestInXML">
        <test-method status="FAIL" signature="Perform_common_task()[pri:0, instance:com.snow.testcases.TC01_Permissionmodel_SaveRestInXML@548e7350]" name="Perform_common_task" is-config="true" duration-ms="0" started-at="2019-05-29T02:27:05Z" finished-at="2019-05-29T02:27:05Z">
          <exception class="java.lang.NullPointerException">
            <full-stacktrace>
              <![CDATA[java.lang.NullPointerException
	at sun.reflect.GeneratedMethodAccessor2.invoke(Unknown Source)
	at sun.reflect.DelegatingMethodAccessorImpl.invoke(Unknown Source)
	at java.lang.reflect.Method.invoke(Unknown Source)
	at org.openqa.selenium.support.pagefactory.internal.LocatingElementHandler.invoke(LocatingElementHandler.java:52)
	at com.sun.proxy.$Proxy8.click(Unknown Source)
	at com.snow.pages.RPSSDTechnicalSupportModeObj.ClickOn_AddToCartButton(RPSSDTechnicalSupportModeObj.java:266)
	at com.snow.testcases.TC01_Permissionmodel_SaveRestInXML.Perform_common_task(TC01_Permissionmodel_SaveRestInXML.java:158)
	at sun.reflect.NativeMethodAccessorImpl.invoke0(Native Method)
	at sun.reflect.NativeMethodAccessorImpl.invoke(Unknown Source)
	at sun.reflect.DelegatingMethodAccessorImpl.invoke(Unknown Source)
	at java.lang.reflect.Method.invoke(Unknown Source)
	at org.testng.internal.MethodInvocationHelper.invokeMethod(MethodInvocationHelper.java:80)
	at org.testng.internal.Invoker.invokeConfigurationMethod(Invoker.java:564)
	at org.testng.internal.Invoker.invokeConfigurations(Invoker.java:213)
	at org.testng.internal.Invoker.invokeMethod(Invoker.java:653)
	at org.testng.internal.Invoker.invokeTestMethod(Invoker.java:901)
	at org.testng.internal.Invoker.invokeTestMethods(Invoker.java:1231)
	at org.testng.internal.TestMethodWorker.invokeTestMethods(TestMethodWorker.java:127)
	at org.testng.internal.TestMethodWorker.run(TestMethodWorker.java:111)
	at org.testng.TestRunner.privateRun(TestRunner.java:767)
	at org.testng.TestRunner.run(TestRunner.java:617)
	at org.testng.SuiteRunner.runTest(SuiteRunner.java:334)
	at org.testng.SuiteRunner.runSequentially(SuiteRunner.java:329)
	at org.testng.SuiteRunner.privateRun(SuiteRunner.java:291)
	at org.testng.SuiteRunner.run(SuiteRunner.java:240)
	at org.testng.SuiteRunnerWorker.runSuite(SuiteRunnerWorker.java:52)
	at org.testng.SuiteRunnerWorker.run(SuiteRunnerWorker.java:86)
	at org.testng.TestNG.runSuitesSequentially(TestNG.java:1198)
	at org.testng.TestNG.runSuitesLocally(TestNG.java:1123)
	at org.testng.TestNG.run(TestNG.java:1031)
	at org.testng.remote.AbstractRemoteTestNG.run(AbstractRemoteTestNG.java:114)
	at org.testng.remote.RemoteTestNG.initAndRun(RemoteTestNG.java:251)
	at org.testng.remote.RemoteTestNG.main(RemoteTestNG.java:77)
]]>
            </full-stacktrace>
          </exception> <!-- java.lang.NullPointerException -->
          <reporter-output>
            <line>
              <![CDATA[User logged into Service Now Portal ]]>
            </line>
            <line>
              <![CDATA[Clicks on Request service link on the home page]]>
            </line>
            <line>
              <![CDATA[User logged into Service Now Portal 
]]>
            </line>
            <line>
              <![CDATA[Clicks on Request service link on the home page
]]>
            </line>
            <line>
              <![CDATA[User logged into Service Now Portal ]]>
            </line>
            <line>
              <![CDATA[Clicks on Request service link on the home page]]>
            </line>
            <line>
              <![CDATA[User serach the item : RPS SD Technical Support Model (US)]]>
            </line>
            <line>
              <![CDATA[User click on the item link]]>
            </line>
            <line>
              <![CDATA[
User fill the form details link]]>
            </line>
          </reporter-output>
        </test-method> <!-- Perform_common_task -->
        <test-method status="SKIP" signature="Perfor_All_Steps_Of_TestCase(java.lang.String, java.lang.String)[pri:0, instance:com.snow.testcases.TC01_Permissionmodel_SaveRestInXML@548e7350]" name="Perfor_All_Steps_Of_TestCase" duration-ms="2" started-at="2019-05-29T02:28:24Z" finished-at="2019-05-29T02:28:24Z">
          <params>
            <param index="0">
              <value>
                <![CDATA[RPS SD Technical Support Model (US)]]>
              </value>
            </param>
            <param index="1">
              <value>
                <![CDATA[Sarah Van Opstal]]>
              </value>
            </param>
          </params>
          <reporter-output>
          </reporter-output>
        </test-method> <!-- Perfor_All_Steps_Of_TestCase -->
        <test-method status="SKIP" signature="close_the_browser()[pri:0, instance:com.snow.testcases.TC01_Permissionmodel_SaveRestInXML@548e7350]" name="close_the_browser" is-config="true" duration-ms="0" started-at="2019-05-29T02:28:24Z" finished-at="2019-05-29T02:28:24Z">
          <reporter-output>
          </reporter-output>
        </test-method> <!-- close_the_browser -->
      </class> <!-- com.snow.testcases.TC01_Permissionmodel_SaveRestInXML -->
    </test> <!-- Test -->
  </suite> <!-- Suite -->
</testng-results>
